<?xml version="1.0" encoding="UTF-8"?>
<!-- Generated by org.testng.reporters.JUnitReportReporter -->
<testsuite hostname="camiel-linuxLaptop" name="frontend.FrontendLoginTest" tests="5" failures="0" timestamp="22 Jan 2016 13:50:20 GMT" time="9.752" errors="0">
  <testcase name="frontendInvalidUserLogin" time="0.798" classname="frontend.FrontendLoginTest"/>
  <testcase name="frontendInvalidPassLogin" time="0.869" classname="frontend.FrontendLoginTest"/>
  <testcase name="frontendValidLogin" time="5.831" classname="frontend.FrontendLoginTest"/>
  <testcase name="frontendInvalidLogin" time="0.878" classname="frontend.FrontendLoginTest"/>
  <testcase name="frontendSetup" time="1.376" classname="frontend.FrontendLoginTest"/>
</testsuite> <!-- frontend.FrontendLoginTest -->
