<?xml version="1.0" encoding="UTF-8"?>
<!-- Generated by org.testng.reporters.JUnitReportReporter -->
<testsuite hostname="camiel-linuxLaptop" name="backend.BackendLoginTest" tests="5" failures="0" timestamp="22 Jan 2016 13:50:20 GMT" time="4.144" errors="0">
  <testcase name="frontendInvalidLogin" time="0.600" classname="backend.BackendLoginTest"/>
  <testcase name="frontendSetup" time="1.248" classname="backend.BackendLoginTest"/>
  <testcase name="frontendInvalidPassLogin" time="0.763" classname="backend.BackendLoginTest"/>
  <testcase name="frontendInvalidUserLogin" time="0.672" classname="backend.BackendLoginTest"/>
  <testcase name="frontendValidLogin" time="0.861" classname="backend.BackendLoginTest"/>
</testsuite> <!-- backend.BackendLoginTest -->
