<?xml version="1.0" encoding="UTF-8"?><testsuite><properties/><testcase classname="com/test/jbehave/stories/frontend/adresgegevensOphalen.story" name="/adresgegevensOphalen.story" time="21"><failure message="          java.lang.NullPointerException          &#9;at org.openqa.selenium.support.ui.ExpectedConditions.elementIfVisible(ExpectedConditions.java:302)          &#9;at org.openqa.selenium.support.ui.ExpectedConditions.access$100(ExpectedConditions.java:41)          &#9;at org.openqa.selenium.support.ui.ExpectedConditions$7.apply(ExpectedConditions.java:205)          &#9;at org.openqa.selenium.support.ui.ExpectedConditions$7.apply(ExpectedConditions.java:201)          &#9;at org.openqa.selenium.support.ui.ExpectedConditions$22.apply(ExpectedConditions.java:661)          &#9;at org.openqa.selenium.support.ui.ExpectedConditions$22.apply(ExpectedConditions.java:654)          &#9;at org.openqa.selenium.support.ui.FluentWait.until(FluentWait.java:238)          &#9;at com.test.jbehave.pages.LoginPage.openLoginPage(LoginPage.java:30)          &#9;at com.test.jbehave.resources.Driver.getFrontendDriver(Driver.java:24)          &#9;at com.test.jbehave.steps.frontend.AanmeldingClientSteps.openFrontend(AanmeldingClientSteps.java:101)          &#9;at com.test.jbehave.steps.frontend.AanmeldingClientSteps.openForm(AanmeldingClientSteps.java:29)          &#9;(reflection-invoke)          &#9;at org.jbehave.core.steps.StepCreator$ParametrisedStep.perform(StepCreator.java:599)          &#9;at org.jbehave.core.embedder.PerformableTree$FineSoFar.run(PerformableTree.java:333)          ..."/></testcase></testsuite>