<?xml version="1.0" encoding="UTF-8"?><testsuite><properties/><testcase classname="com/test/jbehave/stories/frontend/inladenKeuzemogelijkheden.story" failure="&#10;java.lang.AssertionError: expected:&amp;lt;true&amp;gt; but was:&amp;lt;false&amp;gt;&#10;&#9;at org.junit.Assert.fail(Assert.java:88)&#10;&#9;at org.junit.Assert.failNotEquals(Assert.java:743)&#10;&#9;at org.junit.Assert.assertEquals(Assert.java:118)&#10;&#9;at org.junit.Assert.assertEquals(Assert.java:144)&#10;&#9;at com.test.jbehave.steps.frontend.AanmeldingClientSteps.checkListItems(AanmeldingClientSteps.java:88)&#10;&#9;(reflection-invoke)&#10;&#9;at org.jbehave.core.steps.StepCreator$ParametrisedStep.perform(StepCreator.java:599)&#10;&#9;at org.jbehave.core.embedder.PerformableTree$FineSoFar.run(PerformableTree.java:333)&#10;..." name="/inladenKeuzemogelijkheden.story" time="23"/></testsuite>