<?xml version="1.0" encoding="UTF-8"?><testsuite><properties/><testcase classname="com/test/jbehave/stories/frontend/adresgegevensOphalen.story" name="/adresgegevensOphalen.story" time="32"><failure message="          org.junit.ComparisonFailure: expected:&amp;lt;[Burgemeester Beckersweg]&amp;gt; but was:&amp;lt;[]&amp;gt;          &#9;at org.junit.Assert.assertEquals(Assert.java:115)          &#9;at org.junit.Assert.assertEquals(Assert.java:144)          &#9;at com.test.jbehave.steps.frontend.AanmeldingClientSteps.checkGeneratedAdress(AanmeldingClientSteps.java:93)          &#9;(reflection-invoke)          &#9;at org.jbehave.core.steps.StepCreator$ParametrisedStep.perform(StepCreator.java:599)          &#9;at org.jbehave.core.embedder.PerformableTree$FineSoFar.run(PerformableTree.java:333)          ..."/></testcase></testsuite>