<?xml version="1.0" encoding="UTF-8"?><testsuite><properties/><testcase classname="com/test/jbehave/stories/frontend/inladenKeuzemogelijkheden.story" failure="&amp;#xA;java.lang.AssertionError: expected:&amp;lt;true&amp;gt; but was:&amp;lt;false&amp;gt;&amp;#xA;&#9;at org.junit.Assert.fail(Assert.java:88)&amp;#xA;&#9;at org.junit.Assert.failNotEquals(Assert.java:743)&amp;#xA;&#9;at org.junit.Assert.assertEquals(Assert.java:118)&amp;#xA;&#9;at org.junit.Assert.assertEquals(Assert.java:144)&amp;#xA;&#9;at com.test.jbehave.steps.frontend.AanmeldingClientSteps.checkListItems(AanmeldingClientSteps.java:88)&amp;#xA;&#9;(reflection-invoke)&amp;#xA;&#9;at org.jbehave.core.steps.StepCreator$ParametrisedStep.perform(StepCreator.java:599)&amp;#xA;&#9;at org.jbehave.core.embedder.PerformableTree$FineSoFar.run(PerformableTree.java:333)&amp;#xA;..." name="/inladenKeuzemogelijkheden.story" time="21"/></testsuite>