<?xml version="1.0" encoding="UTF-8"?><testsuite><properties/><testcase classname="com/test/jbehave/stories/backend/backendLogin.story" name="backendLogin.story" time="13000"/></testsuite>