<?xml version="1.0" encoding="UTF-8"?>
<!-- Generated by org.testng.reporters.JUnitReportReporter -->
<testsuite hostname="camiel-linuxLaptop" name="frontend.FrontendLoginTest" tests="5" failures="0" timestamp="22 Jan 2016 13:33:24 GMT" time="9.726" errors="0">
  <testcase name="frontendInvalidLogin" time="0.883" classname="frontend.FrontendLoginTest"/>
  <testcase name="frontendInvalidUserLogin" time="0.824" classname="frontend.FrontendLoginTest"/>
  <testcase name="frontendSetup" time="1.379" classname="frontend.FrontendLoginTest"/>
  <testcase name="frontendValidLogin" time="5.801" classname="frontend.FrontendLoginTest"/>
  <testcase name="frontendInvalidPassLogin" time="0.839" classname="frontend.FrontendLoginTest"/>
</testsuite> <!-- frontend.FrontendLoginTest -->
