<?xml version="1.0" encoding="UTF-8"?>
<!-- Generated by org.testng.reporters.JUnitReportReporter -->
<testsuite hostname="camiel-linuxLaptop" name="backend.BackendLoginTest" tests="5" failures="0" timestamp="22 Jan 2016 13:33:24 GMT" time="4.374" errors="0">
  <testcase name="frontendInvalidLogin" time="0.755" classname="backend.BackendLoginTest"/>
  <testcase name="frontendSetup" time="1.252" classname="backend.BackendLoginTest"/>
  <testcase name="frontendInvalidPassLogin" time="0.778" classname="backend.BackendLoginTest"/>
  <testcase name="frontendInvalidUserLogin" time="0.684" classname="backend.BackendLoginTest"/>
  <testcase name="frontendValidLogin" time="0.905" classname="backend.BackendLoginTest"/>
</testsuite> <!-- backend.BackendLoginTest -->
