<?xml version="1.0" encoding="UTF-8"?><testsuite><properties/><testcase classname="com/test/jbehave/stories/frontend/adresgegevensOphalen.story" name="/adresgegevensOphalen.story" time="16"><failure message="          java.lang.NullPointerException          &#9;at com.test.jbehave.pages.AanmeldingClientPage.getStreet(AanmeldingClientPage.java:171)          &#9;at com.test.jbehave.steps.frontend.AanmeldingClientSteps.checkGeneratedAdress(AanmeldingClientSteps.java:94)          &#9;(reflection-invoke)          &#9;at org.jbehave.core.steps.StepCreator$ParametrisedStep.perform(StepCreator.java:599)          &#9;at org.jbehave.core.embedder.PerformableTree$FineSoFar.run(PerformableTree.java:333)          ..."/></testcase></testsuite>