<?xml version="1.0" encoding="UTF-8"?>
<!-- Generated by org.testng.reporters.JUnitReportReporter -->
<testsuite hostname="camiel-linuxLaptop" name="backend.BackendLoginTest" tests="5" failures="0" timestamp="22 Jan 2016 13:34:57 GMT" time="4.263" errors="0">
  <testcase name="frontendInvalidUserLogin" time="0.666" classname="backend.BackendLoginTest"/>
  <testcase name="frontendSetup" time="1.226" classname="backend.BackendLoginTest"/>
  <testcase name="frontendValidLogin" time="0.862" classname="backend.BackendLoginTest"/>
  <testcase name="frontendInvalidPassLogin" time="0.784" classname="backend.BackendLoginTest"/>
  <testcase name="frontendInvalidLogin" time="0.725" classname="backend.BackendLoginTest"/>
</testsuite> <!-- backend.BackendLoginTest -->
