<?xml version="1.0" encoding="UTF-8"?>
<!-- Generated by org.testng.reporters.JUnitReportReporter -->
<testsuite hostname="camiel-linuxLaptop" name="frontend.FrontendLoginTest" tests="5" failures="0" timestamp="22 Jan 2016 13:34:57 GMT" time="9.765" errors="0">
  <testcase name="frontendInvalidPassLogin" time="0.867" classname="frontend.FrontendLoginTest"/>
  <testcase name="frontendValidLogin" time="5.832" classname="frontend.FrontendLoginTest"/>
  <testcase name="frontendInvalidUserLogin" time="0.759" classname="frontend.FrontendLoginTest"/>
  <testcase name="frontendInvalidLogin" time="0.933" classname="frontend.FrontendLoginTest"/>
  <testcase name="frontendSetup" time="1.374" classname="frontend.FrontendLoginTest"/>
</testsuite> <!-- frontend.FrontendLoginTest -->
