<?xml version="1.0" encoding="UTF-8"?><testsuite><properties/><testcase classname="com/test/jbehave/stories/frontend/adresgegevensOphalen.story" name="/adresgegevensOphalen.story" time="17"/></testsuite>