<?xml version="1.0" encoding="UTF-8"?><testsuite><properties/><testcase classname="com/test/jbehave/stories/frontend/inladenKeuzemogelijkheden.story" failure="          java.lang.AssertionError: expected:&amp;lt;true&amp;gt; but was:&amp;lt;false&amp;gt;          &#9;at org.junit.Assert.fail(Assert.java:88)          &#9;at org.junit.Assert.failNotEquals(Assert.java:743)          &#9;at org.junit.Assert.assertEquals(Assert.java:118)          &#9;at org.junit.Assert.assertEquals(Assert.java:144)          &#9;at com.test.jbehave.steps.frontend.AanmeldingClientSteps.checkListItems(AanmeldingClientSteps.java:88)          &#9;(reflection-invoke)          &#9;at org.jbehave.core.steps.StepCreator$ParametrisedStep.perform(StepCreator.java:599)          &#9;at org.jbehave.core.embedder.PerformableTree$FineSoFar.run(PerformableTree.java:333)          ..." name="/inladenKeuzemogelijkheden.story" time="19"/></testsuite>