<?xml version="1.0" encoding="UTF-8"?><testsuite><properties/><testcase classname="com/test/jbehave/stories/frontend/inladenKeuzemogelijkheden.story" name="/inladenKeuzemogelijkheden.story" time="28"/></testsuite>