<?xml version="1.0" encoding="UTF-8"?><testsuite><properties/><testcase classname="com/test/jbehave/stories/backend/makeUser.story" name="makeUser.story" time="13"/></testsuite>