<?xml version="1.0" encoding="UTF-8"?><testsuite><properties/><testcase classname="com/test/jbehave/stories/Javascript/javascriptTest.story" name="pt/javascriptTest.story" time="9"/></testsuite>