<?xml version="1.0" encoding="UTF-8"?><testsuite><properties/><testcase classname="com/test/jbehave/stories/frontend/adresgegevensOphalen.story" name="/adresgegevensOphalen.story" time="21"><failure message="          org.openqa.selenium.WebDriverException: chrome not reachable            (Session info: chrome=46.0.2490.80)            (Driver info: chromedriver=2.20.353141 (da3cb4b52d3a04ce079546eac4dc96182f58602b),platform=Linux 3.13.0-66-generic x86) (WARNING: The server did not provide any stacktrace information)          Command duration or timeout: 5 milliseconds          Build info: version: '2.48.2', revision: '41bccdd10cf2c0560f637404c2d96164b67d9d67', time: '2015-10-09 13:08:06'          System info: host: 'camiel-linuxLaptop', ip: '127.0.1.1', os.name: 'Linux', os.arch: 'i386', os.version: '3.13.0-66-generic', java.version: '1.7.0_79'          *** Element info: {Using=id, value=update-document.aanmeldingClient.adresgegevens.zipcode}          Session ID: 940db622647e583b2771776e37fc5e9e          Driver info: org.openqa.selenium.chrome.ChromeDriver          Capabilities [{platform=LINUX, acceptSslCerts=true, javascriptEnabled=true, browserName=chrome, chrome={userDataDir=/tmp/.com.google.Chrome.uHFnFl}, rotatable=false, locationContextEnabled=true, mobileEmulationEnabled=false, version=46.0.2490.80, takesHeapSnapshot=true, cssSelectorsEnabled=true, databaseEnabled=false, handlesAlerts=true, browserConnectionEnabled=false, webStorageEnabled=true, nativeEvents=true, hasTouchScreen=false, applicationCacheEnabled=false, takesScreenshot=true}]          &#9;(reflection-construct)          &#9;at org.openqa.selenium.remote.ErrorHandler.createThrowable(ErrorHandler.java:206)          &#9;at org.openqa.selenium.remote.ErrorHandler.throwIfResponseFailed(ErrorHandler.java:158)          &#9;at org.openqa.selenium.remote.RemoteWebDriver.execute(RemoteWebDriver.java:647)          &#9;at org.openqa.selenium.remote.RemoteWebDriver.findElement(RemoteWebDriver.java:353)          &#9;at org.openqa.selenium.remote.RemoteWebDriver.findElementById(RemoteWebDriver.java:403)          &#9;at org.openqa.selenium.By$ById.findElement(By.java:218)          &#9;at org.openqa.selenium.remote.RemoteWebDriver.findElement(RemoteWebDriver.java:345)          &#9;at com.test.jbehave.pages.AanmeldingClientPage.initAdresgegevensElements(AanmeldingClientPage.java:193)          &#9;at com.test.jbehave.pages.AanmeldingClientPage.openAdresgegevensTab(AanmeldingClientPage.java:176)          &#9;at com.test.jbehave.pages.AanmeldingClientPage.enterPostcode(AanmeldingClientPage.java:118)          &#9;at com.test.jbehave.steps.frontend.AanmeldingClientSteps.enterValidAdress(AanmeldingClientSteps.java:65)          &#9;(reflection-invoke)          &#9;at org.jbehave.core.steps.StepCreator$ParametrisedStep.perform(StepCreator.java:599)          &#9;at org.jbehave.core.embedder.PerformableTree$FineSoFar.run(PerformableTree.java:333)          ..."/></testcase></testsuite>