<?xml version="1.0" encoding="UTF-8"?><testsuite><properties/><testcase classname="com/test/jbehave/stories/frontend/ophalenClientgegevens.story" name="/ophalenClientgegevens.story" time="23"/><testcase classname="com/test/jbehave/stories/frontend/bsnValidation.story" name="/bsnValidation.story" time="9"/><testcase classname="com/test/jbehave/stories/frontend/aanmakenZiektenbeeld.story" name="/aanmakenZiektenbeeld.story" time="26"/><testcase classname="com/test/jbehave/stories/frontend/OverigeTests.story" name="/OverigeTests.story" time="11"/><testcase classname="com/test/jbehave/stories/frontend/inladenKeuzemogelijkheden.story" name="/inladenKeuzemogelijkheden.story" time="2"/><testcase classname="com/test/jbehave/stories/frontend/frontendLogin.story" name="/frontendLogin.story" time="10"/><testcase classname="com/test/jbehave/stories/frontend/adresgegevensOphalen.story" name="/adresgegevensOphalen.story" time="10"/><testcase classname="com/test/jbehave/stories/backend/backendLogin.story" name="backendLogin.story" time="17"/><testcase classname="com/test/jbehave/stories/backend/makeUser.story" name="makeUser.story" time="12"/></testsuite>